{"/Users/vincentlay/Projects/next-apollo-demo/server/src/entities/person.entity.ts": {"path":"/Users/vincentlay/Projects/next-apollo-demo/server/src/entities/person.entity.ts","statementMap":{"0":{"start":{"line":1,"column":0},"end":{"line":1,"column":53}},"1":{"start":{"line":12,"column":0},"end":{"line":32,"column":null}},"2":{"start":{"line":26,"column":4},"end":{"line":26,"column":17}},"3":{"start":{"line":27,"column":4},"end":{"line":27,"column":21}},"4":{"start":{"line":28,"column":4},"end":{"line":28,"column":27}},"5":{"start":{"line":29,"column":4},"end":{"line":29,"column":23}},"6":{"start":{"line":30,"column":4},"end":{"line":30,"column":37}},"7":{"start":{"line":14,"column":2},"end":{"line":14,"column":null}},"8":{"start":{"line":13,"column":19},"end":{"line":13,"column":21}},"9":{"start":{"line":17,"column":2},"end":{"line":17,"column":null}},"10":{"start":{"line":19,"column":2},"end":{"line":19,"column":null}},"11":{"start":{"line":21,"column":2},"end":{"line":21,"column":null}},"12":{"start":{"line":23,"column":2},"end":{"line":23,"column":null}},"13":{"start":{"line":12,"column":13},"end":{"line":32,"column":null}},"14":{"start":{"line":12,"column":13},"end":{"line":12,"column":19}}},"fnMap":{"0":{"name":"(anonymous_2)","decl":{"start":{"line":25,"column":2},"end":{"line":25,"column":14}},"loc":{"start":{"line":25,"column":69},"end":{"line":31,"column":3}}},"1":{"name":"(anonymous_3)","decl":{"start":{"line":13,"column":9},"end":{"line":13,"column":10}},"loc":{"start":{"line":13,"column":19},"end":{"line":13,"column":21}}}},"branchMap":{},"s":{"0":2,"1":2,"2":4008,"3":4008,"4":4008,"5":4008,"6":4008,"7":2,"8":0,"9":2,"10":2,"11":2,"12":2,"13":2,"14":2},"f":{"0":4008,"1":0},"b":{}}
,"/Users/vincentlay/Projects/next-apollo-demo/server/src/models/pagination.arg.ts": {"path":"/Users/vincentlay/Projects/next-apollo-demo/server/src/models/pagination.arg.ts","statementMap":{"0":{"start":{"line":1,"column":0},"end":{"line":1,"column":52}},"1":{"start":{"line":2,"column":0},"end":{"line":2,"column":38}},"2":{"start":{"line":5,"column":0},"end":{"line":15,"column":null}},"3":{"start":{"line":7,"column":2},"end":{"line":7,"column":null}},"4":{"start":{"line":6,"column":19},"end":{"line":6,"column":25}},"5":{"start":{"line":11,"column":2},"end":{"line":11,"column":null}},"6":{"start":{"line":9,"column":19},"end":{"line":9,"column":22}},"7":{"start":{"line":14,"column":2},"end":{"line":14,"column":null}},"8":{"start":{"line":13,"column":19},"end":{"line":13,"column":22}},"9":{"start":{"line":5,"column":13},"end":{"line":15,"column":null}},"10":{"start":{"line":5,"column":13},"end":{"line":5,"column":27}}},"fnMap":{"0":{"name":"(anonymous_2)","decl":{"start":{"line":6,"column":9},"end":{"line":6,"column":10}},"loc":{"start":{"line":6,"column":19},"end":{"line":6,"column":25}}},"1":{"name":"(anonymous_3)","decl":{"start":{"line":9,"column":9},"end":{"line":9,"column":10}},"loc":{"start":{"line":9,"column":19},"end":{"line":9,"column":22}}},"2":{"name":"(anonymous_4)","decl":{"start":{"line":13,"column":9},"end":{"line":13,"column":10}},"loc":{"start":{"line":13,"column":19},"end":{"line":13,"column":22}}}},"branchMap":{},"s":{"0":1,"1":1,"2":1,"3":1,"4":0,"5":1,"6":0,"7":1,"8":0,"9":1,"10":1},"f":{"0":0,"1":0,"2":0},"b":{}}
,"/Users/vincentlay/Projects/next-apollo-demo/server/src/resolvers/person.resolver.ts": {"path":"/Users/vincentlay/Projects/next-apollo-demo/server/src/resolvers/person.resolver.ts","statementMap":{"0":{"start":{"line":1,"column":0},"end":{"line":1,"column":58}},"1":{"start":{"line":2,"column":0},"end":{"line":2,"column":33}},"2":{"start":{"line":4,"column":0},"end":{"line":4,"column":51}},"3":{"start":{"line":5,"column":0},"end":{"line":5,"column":59}},"4":{"start":{"line":6,"column":0},"end":{"line":6,"column":58}},"5":{"start":{"line":10,"column":0},"end":{"line":19,"column":null}},"6":{"start":{"line":11,"column":22},"end":{"line":11,"column":37}},"7":{"start":{"line":15,"column":4},"end":{"line":16,"column":78}},"8":{"start":{"line":16,"column":6},"end":{"line":16,"column":78}},"9":{"start":{"line":17,"column":4},"end":{"line":17,"column":60}},"10":{"start":{"line":14,"column":2},"end":{"line":18,"column":null}},"11":{"start":{"line":13,"column":22},"end":{"line":13,"column":30}},"12":{"start":{"line":10,"column":13},"end":{"line":19,"column":null}},"13":{"start":{"line":10,"column":13},"end":{"line":10,"column":27}}},"fnMap":{"0":{"name":"(anonymous_4)","decl":{"start":{"line":11,"column":2},"end":{"line":11,"column":22}},"loc":{"start":{"line":11,"column":50},"end":{"line":11,"column":54}}},"1":{"name":"(anonymous_5)","decl":{"start":{"line":14,"column":2},"end":{"line":14,"column":11}},"loc":{"start":{"line":14,"column":65},"end":{"line":18,"column":3}}},"2":{"name":"(anonymous_6)","decl":{"start":{"line":13,"column":9},"end":{"line":13,"column":10}},"loc":{"start":{"line":13,"column":22},"end":{"line":13,"column":30}}}},"branchMap":{"0":{"loc":{"start":{"line":15,"column":4},"end":{"line":16,"column":78}},"type":"if","locations":[{"start":{"line":15,"column":4},"end":{"line":16,"column":78}},{"start":{"line":15,"column":4},"end":{"line":16,"column":78}}]}},"s":{"0":1,"1":1,"2":1,"3":1,"4":1,"5":1,"6":1,"7":3,"8":1,"9":2,"10":1,"11":0,"12":1,"13":1},"f":{"0":1,"1":3,"2":0},"b":{"0":[1,2]}}
,"/Users/vincentlay/Projects/next-apollo-demo/server/src/services/person.service.ts": {"path":"/Users/vincentlay/Projects/next-apollo-demo/server/src/services/person.service.ts","statementMap":{"0":{"start":{"line":1,"column":0},"end":{"line":1,"column":23}},"1":{"start":{"line":2,"column":0},"end":{"line":2,"column":26}},"2":{"start":{"line":3,"column":0},"end":{"line":3,"column":51}},"3":{"start":{"line":4,"column":0},"end":{"line":4,"column":33}},"4":{"start":{"line":7,"column":0},"end":{"line":37,"column":null}},"5":{"start":{"line":10,"column":4},"end":{"line":10,"column":24}},"6":{"start":{"line":11,"column":4},"end":{"line":26,"column":15}},"7":{"start":{"line":14,"column":10},"end":{"line":24,"column":12}},"8":{"start":{"line":30,"column":16},"end":{"line":34,"column":27}},"9":{"start":{"line":32,"column":8},"end":{"line":32,"column":65}},"10":{"start":{"line":35,"column":4},"end":{"line":35,"column":15}},"11":{"start":{"line":7,"column":13},"end":{"line":37,"column":null}},"12":{"start":{"line":7,"column":13},"end":{"line":7,"column":26}}},"fnMap":{"0":{"name":"(anonymous_3)","decl":{"start":{"line":9,"column":2},"end":{"line":9,"column":null}},"loc":{"start":{"line":9,"column":2},"end":{"line":27,"column":3}}},"1":{"name":"(anonymous_4)","decl":{"start":{"line":13,"column":8},"end":{"line":13,"column":9}},"loc":{"start":{"line":14,"column":10},"end":{"line":24,"column":12}}},"2":{"name":"(anonymous_5)","decl":{"start":{"line":29,"column":2},"end":{"line":29,"column":11}},"loc":{"start":{"line":29,"column":63},"end":{"line":36,"column":3}}},"3":{"name":"(anonymous_6)","decl":{"start":{"line":31,"column":14},"end":{"line":31,"column":15}},"loc":{"start":{"line":32,"column":8},"end":{"line":32,"column":65}}}},"branchMap":{"0":{"loc":{"start":{"line":29,"column":25},"end":{"line":29,"column":27}},"type":"default-arg","locations":[{"start":{"line":29,"column":25},"end":{"line":29,"column":27}}]},"1":{"loc":{"start":{"line":29,"column":38},"end":{"line":29,"column":39}},"type":"default-arg","locations":[{"start":{"line":29,"column":38},"end":{"line":29,"column":39}}]},"2":{"loc":{"start":{"line":29,"column":49},"end":{"line":29,"column":63}},"type":"default-arg","locations":[{"start":{"line":29,"column":49},"end":{"line":29,"column":63}}]}},"s":{"0":2,"1":2,"2":2,"3":2,"4":2,"5":2,"6":2,"7":4000,"8":6,"9":12,"10":6,"11":2,"12":2},"f":{"0":2,"1":4000,"2":6,"3":12},"b":{"0":[1],"1":[2],"2":[4]}}
}
