TN:
SF:src/entities/person.entity.ts
FN:25,(anonymous_2)
FN:13,(anonymous_3)
FNF:2
FNH:1
FNDA:4008,(anonymous_2)
FNDA:0,(anonymous_3)
DA:1,2
DA:12,2
DA:13,0
DA:14,2
DA:17,2
DA:19,2
DA:21,2
DA:23,2
DA:26,4008
DA:27,4008
DA:28,4008
DA:29,4008
DA:30,4008
LF:13
LH:12
BRF:0
BRH:0
end_of_record
TN:
SF:src/models/pagination.arg.ts
FN:6,(anonymous_2)
FN:9,(anonymous_3)
FN:13,(anonymous_4)
FNF:3
FNH:0
FNDA:0,(anonymous_2)
FNDA:0,(anonymous_3)
FNDA:0,(anonymous_4)
DA:1,1
DA:2,1
DA:5,1
DA:6,0
DA:7,1
DA:9,0
DA:11,1
DA:13,0
DA:14,1
LF:9
LH:6
BRF:0
BRH:0
end_of_record
TN:
SF:src/resolvers/person.resolver.ts
FN:11,(anonymous_4)
FN:14,(anonymous_5)
FN:13,(anonymous_6)
FNF:3
FNH:2
FNDA:1,(anonymous_4)
FNDA:3,(anonymous_5)
FNDA:0,(anonymous_6)
DA:1,1
DA:2,1
DA:4,1
DA:5,1
DA:6,1
DA:10,1
DA:11,1
DA:13,0
DA:14,1
DA:15,3
DA:16,1
DA:17,2
LF:12
LH:11
BRDA:15,0,0,1
BRDA:15,0,1,2
BRF:2
BRH:2
end_of_record
TN:
SF:src/services/person.service.ts
FN:9,(anonymous_3)
FN:13,(anonymous_4)
FN:29,(anonymous_5)
FN:31,(anonymous_6)
FNF:4
FNH:4
FNDA:2,(anonymous_3)
FNDA:4000,(anonymous_4)
FNDA:6,(anonymous_5)
FNDA:12,(anonymous_6)
DA:1,2
DA:2,2
DA:3,2
DA:4,2
DA:7,2
DA:10,2
DA:11,2
DA:14,4000
DA:30,6
DA:32,12
DA:35,6
LF:11
LH:11
BRDA:29,0,0,1
BRDA:29,1,0,2
BRDA:29,2,0,4
BRF:3
BRH:3
end_of_record
